Start testing: May 02 20:22 PDT
----------------------------------------------------------
1/32 Testing: ServerTest.StartTest
1/32 Test: ServerTest.StartTest
Command: "/root/CS130/Team-404/build/bin/server_lib_test" "--gtest_filter=ServerTest.StartTest" "--gtest_also_run_disabled_tests"
Directory: /root/CS130/Team-404/tests
"ServerTest.StartTest" start time: May 02 20:22 PDT
Output:
----------------------------------------------------------
Running main() from /usr/src/googletest/googletest/src/gtest_main.cc
Note: Google Test filter = ServerTest.StartTest
[==========] Running 1 test from 1 test suite.
[----------] Global test environment set-up.
[----------] 1 test from ServerTest
[ RUN      ] ServerTest.StartTest
[       OK ] ServerTest.StartTest (0 ms)
[----------] 1 test from ServerTest (0 ms total)

[----------] Global test environment tear-down
[==========] 1 test from 1 test suite ran. (0 ms total)
[  PASSED  ] 1 test.
<end of output>
Test time =   0.00 sec
----------------------------------------------------------
Test Passed.
"ServerTest.StartTest" end time: May 02 20:22 PDT
"ServerTest.StartTest" time elapsed: 00:00:00
----------------------------------------------------------

2/32 Testing: ServerTest.AcceptTest
2/32 Test: ServerTest.AcceptTest
Command: "/root/CS130/Team-404/build/bin/server_lib_test" "--gtest_filter=ServerTest.AcceptTest" "--gtest_also_run_disabled_tests"
Directory: /root/CS130/Team-404/tests
"ServerTest.AcceptTest" start time: May 02 20:22 PDT
Output:
----------------------------------------------------------
Running main() from /usr/src/googletest/googletest/src/gtest_main.cc
Note: Google Test filter = ServerTest.AcceptTest
[==========] Running 1 test from 1 test suite.
[----------] Global test environment set-up.
[----------] 1 test from ServerTest
[ RUN      ] ServerTest.AcceptTest
[       OK ] ServerTest.AcceptTest (0 ms)
[----------] 1 test from ServerTest (0 ms total)

[----------] Global test environment tear-down
[==========] 1 test from 1 test suite ran. (0 ms total)
[  PASSED  ] 1 test.
<end of output>
Test time =   0.00 sec
----------------------------------------------------------
Test Passed.
"ServerTest.AcceptTest" end time: May 02 20:22 PDT
"ServerTest.AcceptTest" time elapsed: 00:00:00
----------------------------------------------------------

3/32 Testing: ServerTest.HandleTest
3/32 Test: ServerTest.HandleTest
Command: "/root/CS130/Team-404/build/bin/server_lib_test" "--gtest_filter=ServerTest.HandleTest" "--gtest_also_run_disabled_tests"
Directory: /root/CS130/Team-404/tests
"ServerTest.HandleTest" start time: May 02 20:22 PDT
Output:
----------------------------------------------------------
Running main() from /usr/src/googletest/googletest/src/gtest_main.cc
Note: Google Test filter = ServerTest.HandleTest
[==========] Running 1 test from 1 test suite.
[----------] Global test environment set-up.
[----------] 1 test from ServerTest
[ RUN      ] ServerTest.HandleTest
unknown file: Failure
C++ exception with description "bad_weak_ptr" thrown in the test body.
[  FAILED  ] ServerTest.HandleTest (0 ms)
[----------] 1 test from ServerTest (0 ms total)

[----------] Global test environment tear-down
[==========] 1 test from 1 test suite ran. (0 ms total)
[  PASSED  ] 0 tests.
[  FAILED  ] 1 test, listed below:
[  FAILED  ] ServerTest.HandleTest

 1 FAILED TEST
<end of output>
Test time =   0.00 sec
----------------------------------------------------------
Test Failed.
"ServerTest.HandleTest" end time: May 02 20:22 PDT
"ServerTest.HandleTest" time elapsed: 00:00:00
----------------------------------------------------------

4/32 Testing: SessionTest.make_session
4/32 Test: SessionTest.make_session
Command: "/root/CS130/Team-404/build/bin/session_lib_test" "--gtest_filter=SessionTest.make_session" "--gtest_also_run_disabled_tests"
Directory: /root/CS130/Team-404/tests
"SessionTest.make_session" start time: May 02 20:22 PDT
Output:
----------------------------------------------------------
Running main() from /usr/src/googletest/googletest/src/gtest_main.cc
Note: Google Test filter = SessionTest.make_session
[==========] Running 1 test from 1 test suite.
[----------] Global test environment set-up.
[----------] 1 test from SessionTest
[ RUN      ] SessionTest.make_session
[       OK ] SessionTest.make_session (0 ms)
[----------] 1 test from SessionTest (0 ms total)

[----------] Global test environment tear-down
[==========] 1 test from 1 test suite ran. (0 ms total)
[  PASSED  ] 1 test.
<end of output>
Test time =   0.00 sec
----------------------------------------------------------
Test Passed.
"SessionTest.make_session" end time: May 02 20:22 PDT
"SessionTest.make_session" time elapsed: 00:00:00
----------------------------------------------------------

5/32 Testing: SessionTest.return_socket
5/32 Test: SessionTest.return_socket
Command: "/root/CS130/Team-404/build/bin/session_lib_test" "--gtest_filter=SessionTest.return_socket" "--gtest_also_run_disabled_tests"
Directory: /root/CS130/Team-404/tests
"SessionTest.return_socket" start time: May 02 20:22 PDT
Output:
----------------------------------------------------------
Running main() from /usr/src/googletest/googletest/src/gtest_main.cc
Note: Google Test filter = SessionTest.return_socket
[==========] Running 1 test from 1 test suite.
[----------] Global test environment set-up.
[----------] 1 test from SessionTest
[ RUN      ] SessionTest.return_socket
[       OK ] SessionTest.return_socket (0 ms)
[----------] 1 test from SessionTest (0 ms total)

[----------] Global test environment tear-down
[==========] 1 test from 1 test suite ran. (0 ms total)
[  PASSED  ] 1 test.
<end of output>
Test time =   0.00 sec
----------------------------------------------------------
Test Passed.
"SessionTest.return_socket" end time: May 02 20:22 PDT
"SessionTest.return_socket" time elapsed: 00:00:00
----------------------------------------------------------

6/32 Testing: SessionTest.start_session
6/32 Test: SessionTest.start_session
Command: "/root/CS130/Team-404/build/bin/session_lib_test" "--gtest_filter=SessionTest.start_session" "--gtest_also_run_disabled_tests"
Directory: /root/CS130/Team-404/tests
"SessionTest.start_session" start time: May 02 20:22 PDT
Output:
----------------------------------------------------------
Running main() from /usr/src/googletest/googletest/src/gtest_main.cc
Note: Google Test filter = SessionTest.start_session
[==========] Running 1 test from 1 test suite.
[----------] Global test environment set-up.
[----------] 1 test from SessionTest
[ RUN      ] SessionTest.start_session
unknown file: Failure
C++ exception with description "bad_weak_ptr" thrown in the test body.
[  FAILED  ] SessionTest.start_session (0 ms)
[----------] 1 test from SessionTest (0 ms total)

[----------] Global test environment tear-down
[==========] 1 test from 1 test suite ran. (0 ms total)
[  PASSED  ] 0 tests.
[  FAILED  ] 1 test, listed below:
[  FAILED  ] SessionTest.start_session

 1 FAILED TEST
<end of output>
Test time =   0.00 sec
----------------------------------------------------------
Test Failed.
"SessionTest.start_session" end time: May 02 20:22 PDT
"SessionTest.start_session" time elapsed: 00:00:00
----------------------------------------------------------

7/32 Testing: SessionTest.handle_read_session
7/32 Test: SessionTest.handle_read_session
Command: "/root/CS130/Team-404/build/bin/session_lib_test" "--gtest_filter=SessionTest.handle_read_session" "--gtest_also_run_disabled_tests"
Directory: /root/CS130/Team-404/tests
"SessionTest.handle_read_session" start time: May 02 20:22 PDT
Output:
----------------------------------------------------------
Running main() from /usr/src/googletest/googletest/src/gtest_main.cc
Note: Google Test filter = SessionTest.handle_read_session
[==========] Running 1 test from 1 test suite.
[----------] Global test environment set-up.
[----------] 1 test from SessionTest
[ RUN      ] SessionTest.handle_read_session
[       OK ] SessionTest.handle_read_session (0 ms)
[----------] 1 test from SessionTest (0 ms total)

[----------] Global test environment tear-down
[==========] 1 test from 1 test suite ran. (0 ms total)
[  PASSED  ] 1 test.
<end of output>
Test time =   0.00 sec
----------------------------------------------------------
Test Passed.
"SessionTest.handle_read_session" end time: May 02 20:22 PDT
"SessionTest.handle_read_session" time elapsed: 00:00:00
----------------------------------------------------------

8/32 Testing: SessionTest.handle_write_session
8/32 Test: SessionTest.handle_write_session
Command: "/root/CS130/Team-404/build/bin/session_lib_test" "--gtest_filter=SessionTest.handle_write_session" "--gtest_also_run_disabled_tests"
Directory: /root/CS130/Team-404/tests
"SessionTest.handle_write_session" start time: May 02 20:22 PDT
Output:
----------------------------------------------------------
Running main() from /usr/src/googletest/googletest/src/gtest_main.cc
Note: Google Test filter = SessionTest.handle_write_session
[==========] Running 1 test from 1 test suite.
[----------] Global test environment set-up.
[----------] 1 test from SessionTest
[ RUN      ] SessionTest.handle_write_session
[       OK ] SessionTest.handle_write_session (0 ms)
[----------] 1 test from SessionTest (0 ms total)

[----------] Global test environment tear-down
[==========] 1 test from 1 test suite ran. (0 ms total)
[  PASSED  ] 1 test.
<end of output>
Test time =   0.00 sec
----------------------------------------------------------
Test Passed.
"SessionTest.handle_write_session" end time: May 02 20:22 PDT
"SessionTest.handle_write_session" time elapsed: 00:00:00
----------------------------------------------------------

9/32 Testing: NginxConfigParserTest.SimpleConfig
9/32 Test: NginxConfigParserTest.SimpleConfig
Command: "/root/CS130/Team-404/build/bin/config_parser_lib_test" "--gtest_filter=NginxConfigParserTest.SimpleConfig" "--gtest_also_run_disabled_tests"
Directory: /root/CS130/Team-404/tests
"NginxConfigParserTest.SimpleConfig" start time: May 02 20:22 PDT
Output:
----------------------------------------------------------
Note: Google Test filter = NginxConfigParserTest.SimpleConfig
[==========] Running 1 test from 1 test suite.
[----------] Global test environment set-up.
[----------] 1 test from NginxConfigParserTest
[ RUN      ] NginxConfigParserTest.SimpleConfig
[       OK ] NginxConfigParserTest.SimpleConfig (0 ms)
[----------] 1 test from NginxConfigParserTest (0 ms total)

[----------] Global test environment tear-down
[==========] 1 test from 1 test suite ran. (0 ms total)
[  PASSED  ] 1 test.
<end of output>
Test time =   0.00 sec
----------------------------------------------------------
Test Passed.
"NginxConfigParserTest.SimpleConfig" end time: May 02 20:22 PDT
"NginxConfigParserTest.SimpleConfig" time elapsed: 00:00:00
----------------------------------------------------------

10/32 Testing: NginxConfigParserTest.NestedBlockConfig
10/32 Test: NginxConfigParserTest.NestedBlockConfig
Command: "/root/CS130/Team-404/build/bin/config_parser_lib_test" "--gtest_filter=NginxConfigParserTest.NestedBlockConfig" "--gtest_also_run_disabled_tests"
Directory: /root/CS130/Team-404/tests
"NginxConfigParserTest.NestedBlockConfig" start time: May 02 20:22 PDT
Output:
----------------------------------------------------------
Note: Google Test filter = NginxConfigParserTest.NestedBlockConfig
[==========] Running 1 test from 1 test suite.
[----------] Global test environment set-up.
[----------] 1 test from NginxConfigParserTest
[ RUN      ] NginxConfigParserTest.NestedBlockConfig
[       OK ] NginxConfigParserTest.NestedBlockConfig (0 ms)
[----------] 1 test from NginxConfigParserTest (0 ms total)

[----------] Global test environment tear-down
[==========] 1 test from 1 test suite ran. (0 ms total)
[  PASSED  ] 1 test.
<end of output>
Test time =   0.00 sec
----------------------------------------------------------
Test Passed.
"NginxConfigParserTest.NestedBlockConfig" end time: May 02 20:22 PDT
"NginxConfigParserTest.NestedBlockConfig" time elapsed: 00:00:00
----------------------------------------------------------

11/32 Testing: NginxConfigParserTest.CommentConfig
11/32 Test: NginxConfigParserTest.CommentConfig
Command: "/root/CS130/Team-404/build/bin/config_parser_lib_test" "--gtest_filter=NginxConfigParserTest.CommentConfig" "--gtest_also_run_disabled_tests"
Directory: /root/CS130/Team-404/tests
"NginxConfigParserTest.CommentConfig" start time: May 02 20:22 PDT
Output:
----------------------------------------------------------
Note: Google Test filter = NginxConfigParserTest.CommentConfig
[==========] Running 1 test from 1 test suite.
[----------] Global test environment set-up.
[----------] 1 test from NginxConfigParserTest
[ RUN      ] NginxConfigParserTest.CommentConfig
[       OK ] NginxConfigParserTest.CommentConfig (0 ms)
[----------] 1 test from NginxConfigParserTest (0 ms total)

[----------] Global test environment tear-down
[==========] 1 test from 1 test suite ran. (0 ms total)
[  PASSED  ] 1 test.
<end of output>
Test time =   0.00 sec
----------------------------------------------------------
Test Passed.
"NginxConfigParserTest.CommentConfig" end time: May 02 20:22 PDT
"NginxConfigParserTest.CommentConfig" time elapsed: 00:00:00
----------------------------------------------------------

12/32 Testing: NginxConfigParserTest.MissingEndBlockConfig
12/32 Test: NginxConfigParserTest.MissingEndBlockConfig
Command: "/root/CS130/Team-404/build/bin/config_parser_lib_test" "--gtest_filter=NginxConfigParserTest.MissingEndBlockConfig" "--gtest_also_run_disabled_tests"
Directory: /root/CS130/Team-404/tests
"NginxConfigParserTest.MissingEndBlockConfig" start time: May 02 20:22 PDT
Output:
----------------------------------------------------------
Note: Google Test filter = NginxConfigParserTest.MissingEndBlockConfig
[==========] Running 1 test from 1 test suite.
[----------] Global test environment set-up.
[----------] 1 test from NginxConfigParserTest
[ RUN      ] NginxConfigParserTest.MissingEndBlockConfig
Bad transition from TOKEN_TYPE_STATEMENT_END to TOKEN_TYPE_EOF
[       OK ] NginxConfigParserTest.MissingEndBlockConfig (0 ms)
[----------] 1 test from NginxConfigParserTest (0 ms total)

[----------] Global test environment tear-down
[==========] 1 test from 1 test suite ran. (0 ms total)
[  PASSED  ] 1 test.
<end of output>
Test time =   0.00 sec
----------------------------------------------------------
Test Passed.
"NginxConfigParserTest.MissingEndBlockConfig" end time: May 02 20:22 PDT
"NginxConfigParserTest.MissingEndBlockConfig" time elapsed: 00:00:00
----------------------------------------------------------

13/32 Testing: NginxConfigParserTest.MissingEndOfStatementConfig
13/32 Test: NginxConfigParserTest.MissingEndOfStatementConfig
Command: "/root/CS130/Team-404/build/bin/config_parser_lib_test" "--gtest_filter=NginxConfigParserTest.MissingEndOfStatementConfig" "--gtest_also_run_disabled_tests"
Directory: /root/CS130/Team-404/tests
"NginxConfigParserTest.MissingEndOfStatementConfig" start time: May 02 20:22 PDT
Output:
----------------------------------------------------------
Note: Google Test filter = NginxConfigParserTest.MissingEndOfStatementConfig
[==========] Running 1 test from 1 test suite.
[----------] Global test environment set-up.
[----------] 1 test from NginxConfigParserTest
[ RUN      ] NginxConfigParserTest.MissingEndOfStatementConfig
Bad transition from TOKEN_TYPE_NORMAL to TOKEN_TYPE_END_BLOCK
[       OK ] NginxConfigParserTest.MissingEndOfStatementConfig (0 ms)
[----------] 1 test from NginxConfigParserTest (0 ms total)

[----------] Global test environment tear-down
[==========] 1 test from 1 test suite ran. (0 ms total)
[  PASSED  ] 1 test.
<end of output>
Test time =   0.00 sec
----------------------------------------------------------
Test Passed.
"NginxConfigParserTest.MissingEndOfStatementConfig" end time: May 02 20:22 PDT
"NginxConfigParserTest.MissingEndOfStatementConfig" time elapsed: 00:00:00
----------------------------------------------------------

14/32 Testing: NginxConfigParserTest.NormalAtEOFConfig
14/32 Test: NginxConfigParserTest.NormalAtEOFConfig
Command: "/root/CS130/Team-404/build/bin/config_parser_lib_test" "--gtest_filter=NginxConfigParserTest.NormalAtEOFConfig" "--gtest_also_run_disabled_tests"
Directory: /root/CS130/Team-404/tests
"NginxConfigParserTest.NormalAtEOFConfig" start time: May 02 20:22 PDT
Output:
----------------------------------------------------------
Note: Google Test filter = NginxConfigParserTest.NormalAtEOFConfig
[==========] Running 1 test from 1 test suite.
[----------] Global test environment set-up.
[----------] 1 test from NginxConfigParserTest
[ RUN      ] NginxConfigParserTest.NormalAtEOFConfig
Failed to open config file: normal_at_config
[       OK ] NginxConfigParserTest.NormalAtEOFConfig (0 ms)
[----------] 1 test from NginxConfigParserTest (0 ms total)

[----------] Global test environment tear-down
[==========] 1 test from 1 test suite ran. (0 ms total)
[  PASSED  ] 1 test.
<end of output>
Test time =   0.00 sec
----------------------------------------------------------
Test Passed.
"NginxConfigParserTest.NormalAtEOFConfig" end time: May 02 20:22 PDT
"NginxConfigParserTest.NormalAtEOFConfig" time elapsed: 00:00:00
----------------------------------------------------------

15/32 Testing: NginxConfigParserTest.NoNormalBeforeStartConfig
15/32 Test: NginxConfigParserTest.NoNormalBeforeStartConfig
Command: "/root/CS130/Team-404/build/bin/config_parser_lib_test" "--gtest_filter=NginxConfigParserTest.NoNormalBeforeStartConfig" "--gtest_also_run_disabled_tests"
Directory: /root/CS130/Team-404/tests
"NginxConfigParserTest.NoNormalBeforeStartConfig" start time: May 02 20:22 PDT
Output:
----------------------------------------------------------
Note: Google Test filter = NginxConfigParserTest.NoNormalBeforeStartConfig
[==========] Running 1 test from 1 test suite.
[----------] Global test environment set-up.
[----------] 1 test from NginxConfigParserTest
[ RUN      ] NginxConfigParserTest.NoNormalBeforeStartConfig
Bad transition from TOKEN_TYPE_STATEMENT_END to TOKEN_TYPE_START_BLOCK
[       OK ] NginxConfigParserTest.NoNormalBeforeStartConfig (0 ms)
[----------] 1 test from NginxConfigParserTest (0 ms total)

[----------] Global test environment tear-down
[==========] 1 test from 1 test suite ran. (0 ms total)
[  PASSED  ] 1 test.
<end of output>
Test time =   0.00 sec
----------------------------------------------------------
Test Passed.
"NginxConfigParserTest.NoNormalBeforeStartConfig" end time: May 02 20:22 PDT
"NginxConfigParserTest.NoNormalBeforeStartConfig" time elapsed: 00:00:00
----------------------------------------------------------

16/32 Testing: NginxConfigParserTest.CorrectQuoteConfig
16/32 Test: NginxConfigParserTest.CorrectQuoteConfig
Command: "/root/CS130/Team-404/build/bin/config_parser_lib_test" "--gtest_filter=NginxConfigParserTest.CorrectQuoteConfig" "--gtest_also_run_disabled_tests"
Directory: /root/CS130/Team-404/tests
"NginxConfigParserTest.CorrectQuoteConfig" start time: May 02 20:22 PDT
Output:
----------------------------------------------------------
Note: Google Test filter = NginxConfigParserTest.CorrectQuoteConfig
[==========] Running 1 test from 1 test suite.
[----------] Global test environment set-up.
[----------] 1 test from NginxConfigParserTest
[ RUN      ] NginxConfigParserTest.CorrectQuoteConfig
[       OK ] NginxConfigParserTest.CorrectQuoteConfig (0 ms)
[----------] 1 test from NginxConfigParserTest (0 ms total)

[----------] Global test environment tear-down
[==========] 1 test from 1 test suite ran. (0 ms total)
[  PASSED  ] 1 test.
<end of output>
Test time =   0.00 sec
----------------------------------------------------------
Test Passed.
"NginxConfigParserTest.CorrectQuoteConfig" end time: May 02 20:22 PDT
"NginxConfigParserTest.CorrectQuoteConfig" time elapsed: 00:00:00
----------------------------------------------------------

17/32 Testing: NginxConfigParserTest.IncorrectQuoteConfig
17/32 Test: NginxConfigParserTest.IncorrectQuoteConfig
Command: "/root/CS130/Team-404/build/bin/config_parser_lib_test" "--gtest_filter=NginxConfigParserTest.IncorrectQuoteConfig" "--gtest_also_run_disabled_tests"
Directory: /root/CS130/Team-404/tests
"NginxConfigParserTest.IncorrectQuoteConfig" start time: May 02 20:22 PDT
Output:
----------------------------------------------------------
Note: Google Test filter = NginxConfigParserTest.IncorrectQuoteConfig
[==========] Running 1 test from 1 test suite.
[----------] Global test environment set-up.
[----------] 1 test from NginxConfigParserTest
[ RUN      ] NginxConfigParserTest.IncorrectQuoteConfig
Bad transition from TOKEN_TYPE_START to TOKEN_TYPE_ERROR
[       OK ] NginxConfigParserTest.IncorrectQuoteConfig (0 ms)
[----------] 1 test from NginxConfigParserTest (0 ms total)

[----------] Global test environment tear-down
[==========] 1 test from 1 test suite ran. (0 ms total)
[  PASSED  ] 1 test.
<end of output>
Test time =   0.00 sec
----------------------------------------------------------
Test Passed.
"NginxConfigParserTest.IncorrectQuoteConfig" end time: May 02 20:22 PDT
"NginxConfigParserTest.IncorrectQuoteConfig" time elapsed: 00:00:00
----------------------------------------------------------

18/32 Testing: NginxConfigParserTest.MyConfig
18/32 Test: NginxConfigParserTest.MyConfig
Command: "/root/CS130/Team-404/build/bin/config_parser_lib_test" "--gtest_filter=NginxConfigParserTest.MyConfig" "--gtest_also_run_disabled_tests"
Directory: /root/CS130/Team-404/tests
"NginxConfigParserTest.MyConfig" start time: May 02 20:22 PDT
Output:
----------------------------------------------------------
Note: Google Test filter = NginxConfigParserTest.MyConfig
[==========] Running 1 test from 1 test suite.
[----------] Global test environment set-up.
[----------] 1 test from NginxConfigParserTest
[ RUN      ] NginxConfigParserTest.MyConfig
Failed to open config file: my_config
[       OK ] NginxConfigParserTest.MyConfig (0 ms)
[----------] 1 test from NginxConfigParserTest (0 ms total)

[----------] Global test environment tear-down
[==========] 1 test from 1 test suite ran. (0 ms total)
[  PASSED  ] 1 test.
<end of output>
Test time =   0.00 sec
----------------------------------------------------------
Test Passed.
"NginxConfigParserTest.MyConfig" end time: May 02 20:22 PDT
"NginxConfigParserTest.MyConfig" time elapsed: 00:00:00
----------------------------------------------------------

19/32 Testing: NginxConfigParserTest.EmptyConfig
19/32 Test: NginxConfigParserTest.EmptyConfig
Command: "/root/CS130/Team-404/build/bin/config_parser_lib_test" "--gtest_filter=NginxConfigParserTest.EmptyConfig" "--gtest_also_run_disabled_tests"
Directory: /root/CS130/Team-404/tests
"NginxConfigParserTest.EmptyConfig" start time: May 02 20:22 PDT
Output:
----------------------------------------------------------
Note: Google Test filter = NginxConfigParserTest.EmptyConfig
[==========] Running 1 test from 1 test suite.
[----------] Global test environment set-up.
[----------] 1 test from NginxConfigParserTest
[ RUN      ] NginxConfigParserTest.EmptyConfig
[       OK ] NginxConfigParserTest.EmptyConfig (0 ms)
[----------] 1 test from NginxConfigParserTest (0 ms total)

[----------] Global test environment tear-down
[==========] 1 test from 1 test suite ran. (0 ms total)
[  PASSED  ] 1 test.
<end of output>
Test time =   0.00 sec
----------------------------------------------------------
Test Passed.
"NginxConfigParserTest.EmptyConfig" end time: May 02 20:22 PDT
"NginxConfigParserTest.EmptyConfig" time elapsed: 00:00:00
----------------------------------------------------------

20/32 Testing: NginxConfigParserTest.EmptyBlockConfig
20/32 Test: NginxConfigParserTest.EmptyBlockConfig
Command: "/root/CS130/Team-404/build/bin/config_parser_lib_test" "--gtest_filter=NginxConfigParserTest.EmptyBlockConfig" "--gtest_also_run_disabled_tests"
Directory: /root/CS130/Team-404/tests
"NginxConfigParserTest.EmptyBlockConfig" start time: May 02 20:22 PDT
Output:
----------------------------------------------------------
Note: Google Test filter = NginxConfigParserTest.EmptyBlockConfig
[==========] Running 1 test from 1 test suite.
[----------] Global test environment set-up.
[----------] 1 test from NginxConfigParserTest
[ RUN      ] NginxConfigParserTest.EmptyBlockConfig
[       OK ] NginxConfigParserTest.EmptyBlockConfig (0 ms)
[----------] 1 test from NginxConfigParserTest (0 ms total)

[----------] Global test environment tear-down
[==========] 1 test from 1 test suite ran. (0 ms total)
[  PASSED  ] 1 test.
<end of output>
Test time =   0.00 sec
----------------------------------------------------------
Test Passed.
"NginxConfigParserTest.EmptyBlockConfig" end time: May 02 20:22 PDT
"NginxConfigParserTest.EmptyBlockConfig" time elapsed: 00:00:00
----------------------------------------------------------

21/32 Testing: NginxConfigParserTest.MissingStartBlockConfig
21/32 Test: NginxConfigParserTest.MissingStartBlockConfig
Command: "/root/CS130/Team-404/build/bin/config_parser_lib_test" "--gtest_filter=NginxConfigParserTest.MissingStartBlockConfig" "--gtest_also_run_disabled_tests"
Directory: /root/CS130/Team-404/tests
"NginxConfigParserTest.MissingStartBlockConfig" start time: May 02 20:22 PDT
Output:
----------------------------------------------------------
Note: Google Test filter = NginxConfigParserTest.MissingStartBlockConfig
[==========] Running 1 test from 1 test suite.
[----------] Global test environment set-up.
[----------] 1 test from NginxConfigParserTest
[ RUN      ] NginxConfigParserTest.MissingStartBlockConfig
Bad transition from TOKEN_TYPE_STATEMENT_END to TOKEN_TYPE_END_BLOCK
[       OK ] NginxConfigParserTest.MissingStartBlockConfig (0 ms)
[----------] 1 test from NginxConfigParserTest (0 ms total)

[----------] Global test environment tear-down
[==========] 1 test from 1 test suite ran. (0 ms total)
[  PASSED  ] 1 test.
<end of output>
Test time =   0.00 sec
----------------------------------------------------------
Test Passed.
"NginxConfigParserTest.MissingStartBlockConfig" end time: May 02 20:22 PDT
"NginxConfigParserTest.MissingStartBlockConfig" time elapsed: 00:00:00
----------------------------------------------------------

22/32 Testing: NginxConfigParserTest.ListenPortNumber
22/32 Test: NginxConfigParserTest.ListenPortNumber
Command: "/root/CS130/Team-404/build/bin/config_parser_lib_test" "--gtest_filter=NginxConfigParserTest.ListenPortNumber" "--gtest_also_run_disabled_tests"
Directory: /root/CS130/Team-404/tests
"NginxConfigParserTest.ListenPortNumber" start time: May 02 20:22 PDT
Output:
----------------------------------------------------------
Note: Google Test filter = NginxConfigParserTest.ListenPortNumber
[==========] Running 1 test from 1 test suite.
[----------] Global test environment set-up.
[----------] 1 test from NginxConfigParserTest
[ RUN      ] NginxConfigParserTest.ListenPortNumber
[       OK ] NginxConfigParserTest.ListenPortNumber (0 ms)
[----------] 1 test from NginxConfigParserTest (0 ms total)

[----------] Global test environment tear-down
[==========] 1 test from 1 test suite ran. (0 ms total)
[  PASSED  ] 1 test.
<end of output>
Test time =   0.00 sec
----------------------------------------------------------
Test Passed.
"NginxConfigParserTest.ListenPortNumber" end time: May 02 20:22 PDT
"NginxConfigParserTest.ListenPortNumber" time elapsed: 00:00:00
----------------------------------------------------------

23/32 Testing: NginxConfigParserTest.NoListenPort
23/32 Test: NginxConfigParserTest.NoListenPort
Command: "/root/CS130/Team-404/build/bin/config_parser_lib_test" "--gtest_filter=NginxConfigParserTest.NoListenPort" "--gtest_also_run_disabled_tests"
Directory: /root/CS130/Team-404/tests
"NginxConfigParserTest.NoListenPort" start time: May 02 20:22 PDT
Output:
----------------------------------------------------------
Note: Google Test filter = NginxConfigParserTest.NoListenPort
[==========] Running 1 test from 1 test suite.
[----------] Global test environment set-up.
[----------] 1 test from NginxConfigParserTest
[ RUN      ] NginxConfigParserTest.NoListenPort
[       OK ] NginxConfigParserTest.NoListenPort (0 ms)
[----------] 1 test from NginxConfigParserTest (0 ms total)

[----------] Global test environment tear-down
[==========] 1 test from 1 test suite ran. (0 ms total)
[  PASSED  ] 1 test.
<end of output>
Test time =   0.00 sec
----------------------------------------------------------
Test Passed.
"NginxConfigParserTest.NoListenPort" end time: May 02 20:22 PDT
"NginxConfigParserTest.NoListenPort" time elapsed: 00:00:00
----------------------------------------------------------

24/32 Testing: NginxConfigParserTest.ToStringConfig
24/32 Test: NginxConfigParserTest.ToStringConfig
Command: "/root/CS130/Team-404/build/bin/config_parser_lib_test" "--gtest_filter=NginxConfigParserTest.ToStringConfig" "--gtest_also_run_disabled_tests"
Directory: /root/CS130/Team-404/tests
"NginxConfigParserTest.ToStringConfig" start time: May 02 20:22 PDT
Output:
----------------------------------------------------------
Note: Google Test filter = NginxConfigParserTest.ToStringConfig
[==========] Running 1 test from 1 test suite.
[----------] Global test environment set-up.
[----------] 1 test from NginxConfigParserTest
[ RUN      ] NginxConfigParserTest.ToStringConfig
[       OK ] NginxConfigParserTest.ToStringConfig (0 ms)
[----------] 1 test from NginxConfigParserTest (0 ms total)

[----------] Global test environment tear-down
[==========] 1 test from 1 test suite ran. (0 ms total)
[  PASSED  ] 1 test.
<end of output>
Test time =   0.00 sec
----------------------------------------------------------
Test Passed.
"NginxConfigParserTest.ToStringConfig" end time: May 02 20:22 PDT
"NginxConfigParserTest.ToStringConfig" time elapsed: 00:00:00
----------------------------------------------------------

25/32 Testing: NginxConfigParserTest.SingleQuoteConfig
25/32 Test: NginxConfigParserTest.SingleQuoteConfig
Command: "/root/CS130/Team-404/build/bin/config_parser_lib_test" "--gtest_filter=NginxConfigParserTest.SingleQuoteConfig" "--gtest_also_run_disabled_tests"
Directory: /root/CS130/Team-404/tests
"NginxConfigParserTest.SingleQuoteConfig" start time: May 02 20:22 PDT
Output:
----------------------------------------------------------
Note: Google Test filter = NginxConfigParserTest.SingleQuoteConfig
[==========] Running 1 test from 1 test suite.
[----------] Global test environment set-up.
[----------] 1 test from NginxConfigParserTest
[ RUN      ] NginxConfigParserTest.SingleQuoteConfig
[       OK ] NginxConfigParserTest.SingleQuoteConfig (0 ms)
[----------] 1 test from NginxConfigParserTest (0 ms total)

[----------] Global test environment tear-down
[==========] 1 test from 1 test suite ran. (0 ms total)
[  PASSED  ] 1 test.
<end of output>
Test time =   0.00 sec
----------------------------------------------------------
Test Passed.
"NginxConfigParserTest.SingleQuoteConfig" end time: May 02 20:22 PDT
"NginxConfigParserTest.SingleQuoteConfig" time elapsed: 00:00:00
----------------------------------------------------------

26/32 Testing: LoggerTest.LogTrace
26/32 Test: LoggerTest.LogTrace
Command: "/root/CS130/Team-404/build/bin/logger_test" "--gtest_filter=LoggerTest.LogTrace" "--gtest_also_run_disabled_tests"
Directory: /root/CS130/Team-404/tests
"LoggerTest.LogTrace" start time: May 02 20:22 PDT
Output:
----------------------------------------------------------
Running main() from /usr/src/googletest/googletest/src/gtest_main.cc
Note: Google Test filter = LoggerTest.LogTrace
[==========] Running 1 test from 1 test suite.
[----------] Global test environment set-up.
[----------] 1 test from LoggerTest
[ RUN      ] LoggerTest.LogTrace
[2023-05-02 20:22:57.306752]:[0x00007f1d8a67a740]:[trace]: Logged trace severity message
[       OK ] LoggerTest.LogTrace (0 ms)
[----------] 1 test from LoggerTest (0 ms total)

[----------] Global test environment tear-down
[==========] 1 test from 1 test suite ran. (0 ms total)
[  PASSED  ] 1 test.
<end of output>
Test time =   0.00 sec
----------------------------------------------------------
Test Passed.
"LoggerTest.LogTrace" end time: May 02 20:22 PDT
"LoggerTest.LogTrace" time elapsed: 00:00:00
----------------------------------------------------------

27/32 Testing: LoggerTest.LogDebug
27/32 Test: LoggerTest.LogDebug
Command: "/root/CS130/Team-404/build/bin/logger_test" "--gtest_filter=LoggerTest.LogDebug" "--gtest_also_run_disabled_tests"
Directory: /root/CS130/Team-404/tests
"LoggerTest.LogDebug" start time: May 02 20:22 PDT
Output:
----------------------------------------------------------
Running main() from /usr/src/googletest/googletest/src/gtest_main.cc
Note: Google Test filter = LoggerTest.LogDebug
[==========] Running 1 test from 1 test suite.
[----------] Global test environment set-up.
[----------] 1 test from LoggerTest
[ RUN      ] LoggerTest.LogDebug
[2023-05-02 20:22:57.309905]:[0x00007f55609ee740]:[debug]: Logged debug severity message
[       OK ] LoggerTest.LogDebug (3 ms)
[----------] 1 test from LoggerTest (3 ms total)

[----------] Global test environment tear-down
[==========] 1 test from 1 test suite ran. (3 ms total)
[  PASSED  ] 1 test.
<end of output>
Test time =   0.01 sec
----------------------------------------------------------
Test Passed.
"LoggerTest.LogDebug" end time: May 02 20:22 PDT
"LoggerTest.LogDebug" time elapsed: 00:00:00
----------------------------------------------------------

28/32 Testing: LoggerTest.LogInfo
28/32 Test: LoggerTest.LogInfo
Command: "/root/CS130/Team-404/build/bin/logger_test" "--gtest_filter=LoggerTest.LogInfo" "--gtest_also_run_disabled_tests"
Directory: /root/CS130/Team-404/tests
"LoggerTest.LogInfo" start time: May 02 20:22 PDT
Output:
----------------------------------------------------------
Running main() from /usr/src/googletest/googletest/src/gtest_main.cc
Note: Google Test filter = LoggerTest.LogInfo
[==========] Running 1 test from 1 test suite.
[----------] Global test environment set-up.
[----------] 1 test from LoggerTest
[ RUN      ] LoggerTest.LogInfo
[2023-05-02 20:22:57.316443]:[0x00007f2c056b2740]:[info]: Logged info severity message
[       OK ] LoggerTest.LogInfo (0 ms)
[----------] 1 test from LoggerTest (0 ms total)

[----------] Global test environment tear-down
[==========] 1 test from 1 test suite ran. (0 ms total)
[  PASSED  ] 1 test.
<end of output>
Test time =   0.00 sec
----------------------------------------------------------
Test Passed.
"LoggerTest.LogInfo" end time: May 02 20:22 PDT
"LoggerTest.LogInfo" time elapsed: 00:00:00
----------------------------------------------------------

29/32 Testing: LoggerTest.LogWarning
29/32 Test: LoggerTest.LogWarning
Command: "/root/CS130/Team-404/build/bin/logger_test" "--gtest_filter=LoggerTest.LogWarning" "--gtest_also_run_disabled_tests"
Directory: /root/CS130/Team-404/tests
"LoggerTest.LogWarning" start time: May 02 20:22 PDT
Output:
----------------------------------------------------------
Running main() from /usr/src/googletest/googletest/src/gtest_main.cc
Note: Google Test filter = LoggerTest.LogWarning
[==========] Running 1 test from 1 test suite.
[----------] Global test environment set-up.
[----------] 1 test from LoggerTest
[ RUN      ] LoggerTest.LogWarning
[2023-05-02 20:22:57.320113]:[0x00007fec27643740]:[warning]: Logged warning severity message
[       OK ] LoggerTest.LogWarning (0 ms)
[----------] 1 test from LoggerTest (0 ms total)

[----------] Global test environment tear-down
[==========] 1 test from 1 test suite ran. (0 ms total)
[  PASSED  ] 1 test.
<end of output>
Test time =   0.00 sec
----------------------------------------------------------
Test Passed.
"LoggerTest.LogWarning" end time: May 02 20:22 PDT
"LoggerTest.LogWarning" time elapsed: 00:00:00
----------------------------------------------------------

30/32 Testing: LoggerTest.LogError
30/32 Test: LoggerTest.LogError
Command: "/root/CS130/Team-404/build/bin/logger_test" "--gtest_filter=LoggerTest.LogError" "--gtest_also_run_disabled_tests"
Directory: /root/CS130/Team-404/tests
"LoggerTest.LogError" start time: May 02 20:22 PDT
Output:
----------------------------------------------------------
Running main() from /usr/src/googletest/googletest/src/gtest_main.cc
Note: Google Test filter = LoggerTest.LogError
[==========] Running 1 test from 1 test suite.
[----------] Global test environment set-up.
[----------] 1 test from LoggerTest
[ RUN      ] LoggerTest.LogError
[2023-05-02 20:22:57.323048]:[0x00007fd5f48de740]:[error]: Logged error severity message
[       OK ] LoggerTest.LogError (0 ms)
[----------] 1 test from LoggerTest (0 ms total)

[----------] Global test environment tear-down
[==========] 1 test from 1 test suite ran. (0 ms total)
[  PASSED  ] 1 test.
<end of output>
Test time =   0.00 sec
----------------------------------------------------------
Test Passed.
"LoggerTest.LogError" end time: May 02 20:22 PDT
"LoggerTest.LogError" time elapsed: 00:00:00
----------------------------------------------------------

31/32 Testing: LoggerTest.LogFatal
31/32 Test: LoggerTest.LogFatal
Command: "/root/CS130/Team-404/build/bin/logger_test" "--gtest_filter=LoggerTest.LogFatal" "--gtest_also_run_disabled_tests"
Directory: /root/CS130/Team-404/tests
"LoggerTest.LogFatal" start time: May 02 20:22 PDT
Output:
----------------------------------------------------------
Running main() from /usr/src/googletest/googletest/src/gtest_main.cc
Note: Google Test filter = LoggerTest.LogFatal
[==========] Running 1 test from 1 test suite.
[----------] Global test environment set-up.
[----------] 1 test from LoggerTest
[ RUN      ] LoggerTest.LogFatal
[2023-05-02 20:22:57.326571]:[0x00007ff0127d9740]:[fatal]: Logged fatal severity message
[       OK ] LoggerTest.LogFatal (0 ms)
[----------] 1 test from LoggerTest (0 ms total)

[----------] Global test environment tear-down
[==========] 1 test from 1 test suite ran. (0 ms total)
[  PASSED  ] 1 test.
<end of output>
Test time =   0.00 sec
----------------------------------------------------------
Test Passed.
"LoggerTest.LogFatal" end time: May 02 20:22 PDT
"LoggerTest.LogFatal" time elapsed: 00:00:00
----------------------------------------------------------

32/32 Testing: integration_tests
32/32 Test: integration_tests
Command: "/usr/bin/bash" "/root/CS130/Team-404/tests/integration_tests.sh"
Directory: /root/CS130/Team-404/tests
"integration_tests" start time: May 02 20:22 PDT
Output:
----------------------------------------------------------
server: no process found
Server process ID: 3263
[2023-05-02 20:22:57.334330]:[0x00007f0d0fe24740]:[trace]: Parsing config file
[2023-05-02 20:22:57.334572]:[0x00007f0d0fe24740]:[trace]: Config file parsed
[2023-05-02 20:22:57.334624]:[0x00007f0d0fe24740]:[trace]: Server started at port 8080
Test 1:should succeed 
 
Files expected_response1 and test_response1 differ
Failure. Expected Reponse != Test Response

/root/CS130/Team-404/tests/integration_tests.sh: line 33: kill: (3263) - No such process
<end of output>
Test time =   1.23 sec
----------------------------------------------------------
Test Failed.
"integration_tests" end time: May 02 20:22 PDT
"integration_tests" time elapsed: 00:00:01
----------------------------------------------------------

End testing: May 02 20:22 PDT
